<!DOCTYPE html PUBLIC "-//W3C//DTD XHTML 1.1//EN" "http://www.w3.org/TR/xhtml11/DTD/xhtml11.dtd">
<html xmlns="http://www.w3.org/1999/xhtml"><head><title>TestNG Report</title><style type="text/css">table {margin-bottom:10px;border-collapse:collapse;empty-cells:show}th,td {border:1px solid #009;padding:.25em .5em}th {vertical-align:bottom}td {vertical-align:top}table a {font-weight:bold}.stripe td {background-color: #E6EBF9}.num {text-align:right}.passedodd td {background-color: #3F3}.passedeven td {background-color: #0A0}.skippedodd td {background-color: #DDD}.skippedeven td {background-color: #CCC}.failedodd td,.attn {background-color: #F33}.failedeven td,.stripe .attn {background-color: #D00}.stacktrace {white-space:pre;font-family:monospace}.totop {font-size:85%;text-align:center;border-bottom:2px solid #000}</style></head><body><table><tr><th>Test</th><th># Passed</th><th># Skipped</th><th># Failed</th><th>Time (ms)</th><th>Included Groups</th><th>Excluded Groups</th></tr><tr><th colspan="7">Suite</th></tr><tr><td><a href="#t0">on chrome</a></td><td class="num">1</td><td class="num">0</td><td class="num">0</td><td class="num">20,172</td><td></td><td></td></tr><tr class="stripe"><td><a href="#t1">on firefox</a></td><td class="num">0</td><td class="num">0</td><td class="num attn">1</td><td class="num">25,004</td><td></td><td></td></tr><tr><th>Total</th><th class="num">1</th><th class="num">0</th><th class="num attn">1</th><th class="num">45,176</th><th colspan="2"></th></tr></table><table><thead><tr><th>Class</th><th>Method</th><th>Start</th><th>Time (ms)</th></tr></thead><tbody><tr><th colspan="4">Suite</th></tr></tbody><tbody id="t0"><tr><th colspan="4">on chrome &#8212; passed</th></tr><tr class="passedeven"><td rowspan="1">com.ebanking.master.Grid</td><td><a href="#m0">Gd</a></td><td rowspan="1">1537849941237</td><td rowspan="1">20121</td></tr></tbody><tbody id="t1"><tr><th colspan="4">on firefox &#8212; failed</th></tr><tr class="failedeven"><td rowspan="1">com.ebanking.master.Grid</td><td><a href="#m1">Gd</a></td><td rowspan="1">1537849941237</td><td rowspan="1">24903</td></tr></tbody></table><h2>on chrome</h2><h3 id="m0">com.ebanking.master.Grid#Gd</h3><table class="result"><tr class="param"><th>Parameter #1</th></tr><tr class="param stripe"><td>chrome</td></tr></table><p class="totop"><a href="#summary">back to summary</a></p><h2>on firefox</h2><h3 id="m1">com.ebanking.master.Grid#Gd</h3><table class="result"><tr class="param"><th>Parameter #1</th></tr><tr class="param stripe"><td>firefox</td></tr><tr><th>Exception</th></tr><tr><td><div class="stacktrace">org.openqa.selenium.NoSuchWindowException: Window not found. The browser window may have been closed.
Build info: version: &apos;2.53.1&apos;, revision: &apos;a36b8b1&apos;, time: &apos;2016-06-30 17:37:03&apos;
System info: host: &apos;santhosh-PC&apos;, ip: &apos;192.168.1.109&apos;, os.name: &apos;Windows 7&apos;, os.arch: &apos;amd64&apos;, os.version: &apos;6.1&apos;, java.version: &apos;1.7.0_79&apos;
Driver info: driver.version: unknown
Command duration or timeout: 3.37 seconds
Build info: version: &apos;2.53.1&apos;, revision: &apos;a36b8b1&apos;, time: &apos;2016-06-30 17:37:03&apos;
System info: host: &apos;santhosh-PC&apos;, ip: &apos;192.168.1.109&apos;, os.name: &apos;Windows 7&apos;, os.arch: &apos;amd64&apos;, os.version: &apos;6.1&apos;, java.version: &apos;1.7.0_79&apos;
Session ID: 0e7fddb2-1be8-41b4-995c-ecca10170b0b
Driver info: org.openqa.selenium.remote.RemoteWebDriver
Capabilities [{platform=WINDOWS, javascriptEnabled=true, acceptSslCerts=true, browserName=firefox, rotatable=false, locationContextEnabled=true, webdriver.remote.sessionid=0e7fddb2-1be8-41b4-995c-ecca10170b0b, version=35.0, databaseEnabled=true, cssSelectorsEnabled=true, handlesAlerts=true, webStorageEnabled=true, nativeEvents=false, applicationCacheEnabled=true, takesScreenshot=true}]
	at org.openqa.selenium.remote.ErrorHandler.createThrowable(ErrorHandler.java:206)
	at org.openqa.selenium.remote.ErrorHandler.throwIfResponseFailed(ErrorHandler.java:158)
	at org.openqa.selenium.remote.RemoteWebDriver.execute(RemoteWebDriver.java:678)
	at org.openqa.selenium.remote.RemoteWebElement.execute(RemoteWebElement.java:327)
	at org.openqa.selenium.remote.RemoteWebElement.click(RemoteWebElement.java:85)
	at org.openqa.selenium.support.pagefactory.internal.LocatingElementHandler.invoke(LocatingElementHandler.java:51)
	at com.sun.proxy.$Proxy6.click(Unknown Source)
	at com.ebanking.master.RanfordHP.login(RanfordHP.java:28)
	at com.ebanking.master.Grid.Gd(Grid.java:42)
	at java.util.concurrent.FutureTask.run(Unknown Source)
	at java.util.concurrent.ThreadPoolExecutor.runWorker(Unknown Source)
	at java.util.concurrent.ThreadPoolExecutor$Worker.run(Unknown Source)
	at java.lang.Thread.run(Unknown Source)
Caused by: org.openqa.selenium.remote.ScreenshotException: Screen shot has been taken
Build info: version: &apos;2.53.1&apos;, revision: &apos;a36b8b1&apos;, time: &apos;2016-06-30 17:37:03&apos;
System info: host: &apos;santhosh-PC&apos;, ip: &apos;192.168.1.109&apos;, os.name: &apos;Windows 7&apos;, os.arch: &apos;amd64&apos;, os.version: &apos;6.1&apos;, java.version: &apos;1.7.0_79&apos;
Driver info: driver.version: RemoteWebDriver
	at org.openqa.selenium.remote.ErrorHandler.throwIfResponseFailed(ErrorHandler.java:138)
	... 31 more
Caused by: org.openqa.selenium.NoSuchWindowException: Window not found. The browser window may have been closed.
Build info: version: &apos;2.53.1&apos;, revision: &apos;a36b8b1&apos;, time: &apos;2016-06-30 17:37:03&apos;
System info: host: &apos;santhosh-PC&apos;, ip: &apos;192.168.1.109&apos;, os.name: &apos;Windows 7&apos;, os.arch: &apos;amd64&apos;, os.version: &apos;6.1&apos;, java.version: &apos;1.7.0_79&apos;
Driver info: driver.version: unknown
Build info: version: &apos;2.53.1&apos;, revision: &apos;a36b8b1&apos;, time: &apos;2016-06-30 17:37:03&apos;
System info: host: &apos;santhosh-PC&apos;, ip: &apos;192.168.1.109&apos;, os.name: &apos;Windows 7&apos;, os.arch: &apos;amd64&apos;, os.version: &apos;6.1&apos;, java.version: &apos;1.7.0_79&apos;
Driver info: driver.version: unknown
	at &lt;anonymous class&gt;.nsCommandProcessor.prototype.execute(file:///C:/Users/SANTHO~1.SAN/AppData/Local/Temp/anonymous4462147709229788074webdriver-profile/extensions/fxdriver@googlecode.com/components/command-processor.js:12715)
	at &lt;anonymous class&gt;.Dispatcher.executeAs/&lt;(file:///C:/Users/SANTHO~1.SAN/AppData/Local/Temp/anonymous4462147709229788074webdriver-profile/extensions/fxdriver@googlecode.com/components/driver-component.js:9558)
	at &lt;anonymous class&gt;.Resource.prototype.handle(file:///C:/Users/SANTHO~1.SAN/AppData/Local/Temp/anonymous4462147709229788074webdriver-profile/extensions/fxdriver@googlecode.com/components/driver-component.js:9705)
	at &lt;anonymous class&gt;.Dispatcher.prototype.dispatch(file:///C:/Users/SANTHO~1.SAN/AppData/Local/Temp/anonymous4462147709229788074webdriver-profile/extensions/fxdriver@googlecode.com/components/driver-component.js:9652)
	at &lt;anonymous class&gt;.WebDriverServer/&lt;.handle(file:///C:/Users/SANTHO~1.SAN/AppData/Local/Temp/anonymous4462147709229788074webdriver-profile/extensions/fxdriver@googlecode.com/components/driver-component.js:12517)
	at &lt;anonymous class&gt;.createHandlerFunc/&lt;(file:///C:/Users/SANTHO~1.SAN/AppData/Local/Temp/anonymous4462147709229788074webdriver-profile/extensions/fxdriver@googlecode.com/components/httpd.js:2054)
	at &lt;anonymous class&gt;.ServerHandler.prototype.handleResponse(file:///C:/Users/SANTHO~1.SAN/AppData/Local/Temp/anonymous4462147709229788074webdriver-profile/extensions/fxdriver@googlecode.com/components/httpd.js:2387)
	at &lt;anonymous class&gt;.Connection.prototype.process(file:///C:/Users/SANTHO~1.SAN/AppData/Local/Temp/anonymous4462147709229788074webdriver-profile/extensions/fxdriver@googlecode.com/components/httpd.js:1223)
	at &lt;anonymous class&gt;.RequestReader.prototype._handleResponse(file:///C:/Users/SANTHO~1.SAN/AppData/Local/Temp/anonymous4462147709229788074webdriver-profile/extensions/fxdriver@googlecode.com/components/httpd.js:1677)
	at &lt;anonymous class&gt;.RequestReader.prototype._processBody(file:///C:/Users/SANTHO~1.SAN/AppData/Local/Temp/anonymous4462147709229788074webdriver-profile/extensions/fxdriver@googlecode.com/components/httpd.js:1525)
	at &lt;anonymous class&gt;.RequestReader.prototype.onInputStreamReady(file:///C:/Users/SANTHO~1.SAN/AppData/Local/Temp/anonymous4462147709229788074webdriver-profile/extensions/fxdriver@googlecode.com/components/httpd.js:1393)
... Removed 24 stack frames</div></td></tr></table><p class="totop"><a href="#summary">back to summary</a></p></body></html>